0 info it worked if it ends with ok
1 verbose cli [ 'node', '/usr/local/bin/npm', 'install', 'normalize.css' ]
2 info using npm@2.7.6
3 info using node@v0.12.2
4 verbose install initial load of /WebDevelopment/Thinkful/startup-landing-page-clone/package.json
5 verbose readDependencies loading dependencies from /WebDevelopment/Thinkful/startup-landing-page-clone/package.json
6 silly cache add args [ 'normalize.css', null ]
7 verbose cache add spec normalize.css
8 silly cache add parsed spec { raw: 'normalize.css',
8 silly cache add   scope: null,
8 silly cache add   name: 'normalize.css',
8 silly cache add   rawSpec: '',
8 silly cache add   spec: '*',
8 silly cache add   type: 'range' }
9 silly addNamed normalize.css@*
10 verbose addNamed "*" is a valid semver range for normalize.css
11 silly addNameRange { name: 'normalize.css', range: '*', hasData: false }
12 silly mapToRegistry name normalize.css
13 silly mapToRegistry using default registry
14 silly mapToRegistry registry https://registry.npmjs.org/
15 silly mapToRegistry uri https://registry.npmjs.org/normalize.css
16 verbose addNameRange registry:https://registry.npmjs.org/normalize.css not in flight; fetching
17 verbose request uri https://registry.npmjs.org/normalize.css
18 verbose request no auth needed
19 info attempt registry request try #1 at 9:41:29 PM
20 verbose request id ec950fdee2723ea7
21 http request GET https://registry.npmjs.org/normalize.css
22 http 200 https://registry.npmjs.org/normalize.css
23 silly get cb [ 200,
23 silly get   { server: 'CouchDB/1.5.0 (Erlang OTP/R16B03)',
23 silly get     etag: '"2ZH3CCZ4O6UENF3Q7878CWWH7"',
23 silly get     'content-type': 'application/json',
23 silly get     'cache-control': 'max-age=60',
23 silly get     'content-length': '7662',
23 silly get     'accept-ranges': 'bytes',
23 silly get     date: 'Thu, 07 May 2015 01:41:53 GMT',
23 silly get     via: '1.1 varnish',
23 silly get     age: '0',
23 silly get     connection: 'keep-alive',
23 silly get     'x-served-by': 'cache-ord1726-ORD',
23 silly get     'x-cache': 'MISS',
23 silly get     'x-cache-hits': '0',
23 silly get     'x-timer': 'S1430962913.064078,VS0,VE37',
23 silly get     vary: 'Accept' } ]
24 verbose get saving normalize.css to /Users/abcdefg/.npm/registry.npmjs.org/normalize.css/.cache.json
25 silly addNameRange number 2 { name: 'normalize.css', range: '*', hasData: true }
26 silly addNameRange versions [ 'normalize.css', [ '0.0.1', '3.0.1', '3.0.2', '3.0.3' ] ]
27 silly addNamed normalize.css@3.0.3
28 verbose addNamed "3.0.3" is a plain semver version for normalize.css
29 silly mapToRegistry name normalize.css
30 silly mapToRegistry using default registry
31 silly mapToRegistry registry https://registry.npmjs.org/
32 silly mapToRegistry uri https://registry.npmjs.org/normalize.css
33 verbose addRemoteTarball https://registry.npmjs.org/normalize.css/-/normalize.css-3.0.3.tgz not in flight; adding
34 verbose addRemoteTarball [ 'https://registry.npmjs.org/normalize.css/-/normalize.css-3.0.3.tgz',
34 verbose addRemoteTarball   'acc00262e235a2caa91363a2e5e3bfa4f8ad05c6' ]
35 info retry fetch attempt 1 at 9:41:30 PM
36 info attempt registry request try #1 at 9:41:30 PM
37 http fetch GET https://registry.npmjs.org/normalize.css/-/normalize.css-3.0.3.tgz
38 http fetch 200 https://registry.npmjs.org/normalize.css/-/normalize.css-3.0.3.tgz
39 silly fetchAndShaCheck shasum acc00262e235a2caa91363a2e5e3bfa4f8ad05c6
40 verbose addTmpTarball /var/folders/0k/xt5xd9791vng2k9y79jrb1qw0000gn/T/npm-1112-b392c7c7/registry.npmjs.org/normalize.css/-/normalize.css-3.0.3.tgz not in flight; adding
41 verbose addTmpTarball already have metadata; skipping unpack for normalize.css@3.0.3
42 silly cache afterAdd normalize.css@3.0.3
43 verbose afterAdd /Users/abcdefg/.npm/normalize.css/3.0.3/package/package.json not in flight; writing
44 verbose afterAdd /Users/abcdefg/.npm/normalize.css/3.0.3/package/package.json written
45 silly install resolved [ { name: 'normalize.css',
45 silly install resolved     version: '3.0.3',
45 silly install resolved     description: 'Normalize.css as a node packaged module',
45 silly install resolved     style: 'normalize.css',
45 silly install resolved     files: [ 'LICENSE.md', 'normalize.css' ],
45 silly install resolved     homepage: 'http://necolas.github.io/normalize.css',
45 silly install resolved     repository:
45 silly install resolved      { type: 'git',
45 silly install resolved        url: 'git://github.com/necolas/normalize.css.git' },
45 silly install resolved     main: 'normalize.css',
45 silly install resolved     author: { name: 'Nicolas Gallagher' },
45 silly install resolved     license: 'MIT',
45 silly install resolved     gitHead: '2bdda84272650aedfb45d8abe11a6d177933a803',
45 silly install resolved     bugs: { url: 'https://github.com/necolas/normalize.css/issues' },
45 silly install resolved     _id: 'normalize.css@3.0.3',
45 silly install resolved     scripts: {},
45 silly install resolved     _shasum: 'acc00262e235a2caa91363a2e5e3bfa4f8ad05c6',
45 silly install resolved     _from: 'normalize.css@*',
45 silly install resolved     _npmVersion: '2.7.0',
45 silly install resolved     _nodeVersion: '0.10.35',
45 silly install resolved     _npmUser: { name: 'necolas', email: 'nicolasgallagher@gmail.com' },
45 silly install resolved     maintainers: [ [Object], [Object] ],
45 silly install resolved     dist:
45 silly install resolved      { shasum: 'acc00262e235a2caa91363a2e5e3bfa4f8ad05c6',
45 silly install resolved        tarball: 'http://registry.npmjs.org/normalize.css/-/normalize.css-3.0.3.tgz' },
45 silly install resolved     directories: {},
45 silly install resolved     _resolved: 'https://registry.npmjs.org/normalize.css/-/normalize.css-3.0.3.tgz' } ]
46 info install normalize.css@3.0.3 into /WebDevelopment/Thinkful/startup-landing-page-clone
47 info installOne normalize.css@3.0.3
48 verbose installOne of normalize.css to /WebDevelopment/Thinkful/startup-landing-page-clone not in flight; installing
49 warn locking Error: EACCES, open '/Users/abcdefg/.npm/_locks/normalize-css-7469f9a31764f4c8.lock'
49 warn locking     at Error (native)
49 warn locking  /Users/abcdefg/.npm/_locks/normalize-css-7469f9a31764f4c8.lock failed { [Error: EACCES, open '/Users/abcdefg/.npm/_locks/normalize-css-7469f9a31764f4c8.lock']
49 warn locking   errno: -13,
49 warn locking   code: 'EACCES',
49 warn locking   path: '/Users/abcdefg/.npm/_locks/normalize-css-7469f9a31764f4c8.lock' }
50 verbose stack Error: Attempt to unlock /WebDevelopment/Thinkful/startup-landing-page-clone/node_modules/normalize.css, which hasn't been locked
50 verbose stack     at unlock (/usr/local/lib/node_modules/npm/lib/utils/locker.js:66:11)
50 verbose stack     at cb (/usr/local/lib/node_modules/npm/lib/install.js:1013:5)
50 verbose stack     at /usr/local/lib/node_modules/npm/lib/install.js:1017:20
50 verbose stack     at /usr/local/lib/node_modules/npm/lib/utils/locker.js:40:9
50 verbose stack     at cb (/usr/local/lib/node_modules/npm/node_modules/lockfile/lockfile.js:149:38)
50 verbose stack     at /usr/local/lib/node_modules/npm/node_modules/lockfile/lockfile.js:177:38
50 verbose stack     at FSReqWrap.oncomplete (fs.js:95:15)
51 verbose cwd /WebDevelopment/Thinkful/startup-landing-page-clone
52 error Darwin 14.1.0
53 error argv "node" "/usr/local/bin/npm" "install" "normalize.css"
54 error node v0.12.2
55 error npm  v2.7.6
56 error Attempt to unlock /WebDevelopment/Thinkful/startup-landing-page-clone/node_modules/normalize.css, which hasn't been locked
57 error If you need help, you may report this error at:
57 error     <https://github.com/npm/npm/issues>
58 verbose exit [ 1, true ]
